[2016-06-18 04:39:55] local.ERROR: exception 'Symfony\Component\Debug\Exception\FatalErrorException' with message 'Class 'Teacher' not found' in E:\xampp\htdocs\myapp\schoolmanagementproject\app\Http\routes.php:19
Stack trace:
#0 {main}  
[2016-06-18 04:40:34] local.ERROR: exception 'PDOException' with message 'SQLSTATE[42S22]: Column not found: 1054 Unknown column 'classteachers_of' in 'field list'' in E:\xampp\htdocs\myapp\schoolmanagementproject\vendor\laravel\framework\src\Illuminate\Database\Connection.php:441
Stack trace:
#0 E:\xampp\htdocs\myapp\schoolmanagementproject\vendor\laravel\framework\src\Illuminate\Database\Connection.php(441): PDO->prepare('insert into `te...')
#1 E:\xampp\htdocs\myapp\schoolmanagementproject\vendor\laravel\framework\src\Illuminate\Database\Connection.php(706): Illuminate\Database\Connection->Illuminate\Database\{closure}(Object(Illuminate\Database\MySqlConnection), 'insert into `te...', Array)
#2 E:\xampp\htdocs\myapp\schoolmanagementproject\vendor\laravel\framework\src\Illuminate\Database\Connection.php(669): Illuminate\Database\Connection->runQueryCallback('insert into `te...', Array, Object(Closure))
#3 E:\xampp\htdocs\myapp\schoolmanagementproject\vendor\laravel\framework\src\Illuminate\Database\Connection.php(442): Illuminate\Database\Connection->run('insert into `te...', Array, Object(Closure))
#4 E:\xampp\htdocs\myapp\schoolmanagementproject\vendor\laravel\framework\src\Illuminate\Database\Connection.php(398): Illuminate\Database\Connection->statement('insert into `te...', Array)
#5 E:\xampp\htdocs\myapp\schoolmanagementproject\vendor\laravel\framework\src\Illuminate\Database\Query\Processors\Processor.php(32): Illuminate\Database\Connection->insert('insert into `te...', Array)
#6 E:\xampp\htdocs\myapp\schoolmanagementproject\vendor\laravel\framework\src\Illuminate\Database\Query\Builder.php(2055): Illuminate\Database\Query\Processors\Processor->processInsertGetId(Object(Illuminate\Database\Query\Builder), 'insert into `te...', Array, 'id')
#7 [internal function]: Illuminate\Database\Query\Builder->insertGetId(Array, 'id')
#8 E:\xampp\htdocs\myapp\schoolmanagementproject\vendor\laravel\framework\src\Illuminate\Database\Eloquent\Builder.php(1382): call_user_func_array(Array, Array)
#9 E:\xampp\htdocs\myapp\schoolmanagementproject\vendor\laravel\framework\src\Illuminate\Database\Eloquent\Model.php(1621): Illuminate\Database\Eloquent\Builder->__call('insertGetId', Array)
#10 E:\xampp\htdocs\myapp\schoolmanagementproject\vendor\laravel\framework\src\Illuminate\Database\Eloquent\Model.php(1621): Illuminate\Database\Eloquent\Builder->insertGetId(Array, 'id')
#11 E:\xampp\htdocs\myapp\schoolmanagementproject\vendor\laravel\framework\src\Illuminate\Database\Eloquent\Model.php(1590): Illuminate\Database\Eloquent\Model->insertAndSetId(Object(Illuminate\Database\Eloquent\Builder), Array)
#12 E:\xampp\htdocs\myapp\schoolmanagementproject\vendor\laravel\framework\src\Illuminate\Database\Eloquent\Model.php(1481): Illuminate\Database\Eloquent\Model->performInsert(Object(Illuminate\Database\Eloquent\Builder), Array)
#13 E:\xampp\htdocs\myapp\schoolmanagementproject\app\Http\routes.php(25): Illuminate\Database\Eloquent\Model->save()
#14 [internal function]: App\Providers\RouteServiceProvider->{closure}()
#15 E:\xampp\htdocs\myapp\schoolmanagementproject\vendor\laravel\framework\src\Illuminate\Routing\Route.php(158): call_user_func_array(Object(Closure), Array)
#16 E:\xampp\htdocs\myapp\schoolmanagementproject\vendor\laravel\framework\src\Illuminate\Routing\Route.php(137): Illuminate\Routing\Route->runCallable(Object(Illuminate\Http\Request))
#17 E:\xampp\htdocs\myapp\schoolmanagementproject\vendor\laravel\framework\src\Illuminate\Routing\Router.php(724): Illuminate\Routing\Route->run(Object(Illuminate\Http\Request))
#18 [internal function]: Illuminate\Routing\Router->Illuminate\Routing\{closure}(Object(Illuminate\Http\Request))
#19 E:\xampp\htdocs\myapp\schoolmanagementproject\vendor\laravel\framework\src\Illuminate\Routing\Pipeline.php(52): call_user_func(Object(Closure), Object(Illuminate\Http\Request))
#20 E:\xampp\htdocs\myapp\schoolmanagementproject\vendor\laravel\framework\src\Illuminate\Foundation\Http\Middleware\VerifyCsrfToken.php(64): Illuminate\Routing\Pipeline->Illuminate\Routing\{closure}(Object(Illuminate\Http\Request))
#21 [internal function]: Illuminate\Foundation\Http\Middleware\VerifyCsrfToken->handle(Object(Illuminate\Http\Request), Object(Closure))
#22 E:\xampp\htdocs\myapp\schoolmanagementproject\vendor\laravel\framework\src\Illuminate\Pipeline\Pipeline.php(136): call_user_func_array(Array, Array)
#23 [internal function]: Illuminate\Pipeline\Pipeline->Illuminate\Pipeline\{closure}(Object(Illuminate\Http\Request))
#24 E:\xampp\htdocs\myapp\schoolmanagementproject\vendor\laravel\framework\src\Illuminate\Routing\Pipeline.php(32): call_user_func(Object(Closure), Object(Illuminate\Http\Request))
#25 E:\xampp\htdocs\myapp\schoolmanagementproject\vendor\laravel\framework\src\Illuminate\View\Middleware\ShareErrorsFromSession.php(49): Illuminate\Routing\Pipeline->Illuminate\Routing\{closure}(Object(Illuminate\Http\Request))
#26 [internal function]: Illuminate\View\Middleware\ShareErrorsFromSession->handle(Object(Illuminate\Http\Request), Object(Closure))
#27 E:\xampp\htdocs\myapp\schoolmanagementproject\vendor\laravel\framework\src\Illuminate\Pipeline\Pipeline.php(136): call_user_func_array(Array, Array)
#28 [internal function]: Illuminate\Pipeline\Pipeline->Illuminate\Pipeline\{closure}(Object(Illuminate\Http\Request))
#29 E:\xampp\htdocs\myapp\schoolmanagementproject\vendor\laravel\framework\src\Illuminate\Routing\Pipeline.php(32): call_user_func(Object(Closure), Object(Illuminate\Http\Request))
#30 E:\xampp\htdocs\myapp\schoolmanagementproject\vendor\laravel\framework\src\Illuminate\Session\Middleware\StartSession.php(62): Illuminate\Routing\Pipeline->Illuminate\Routing\{closure}(Object(Illuminate\Http\Request))
#31 [internal function]: Illuminate\Session\Middleware\StartSession->handle(Object(Illuminate\Http\Request), Object(Closure))
#32 E:\xampp\htdocs\myapp\schoolmanagementproject\vendor\laravel\framework\src\Illuminate\Pipeline\Pipeline.php(136): call_user_func_array(Array, Array)
#33 [internal function]: Illuminate\Pipeline\Pipeline->Illuminate\Pipeline\{closure}(Object(Illuminate\Http\Request))
#34 E:\xampp\htdocs\myapp\schoolmanagementproject\vendor\laravel\framework\src\Illuminate\Routing\Pipeline.php(32): call_user_func(Object(Closure), Object(Illuminate\Http\Request))
#35 E:\xampp\htdocs\myapp\schoolmanagementproject\vendor\laravel\framework\src\Illuminate\Cookie\Middleware\AddQueuedCookiesToResponse.php(37): Illuminate\Routing\Pipeline->Illuminate\Routing\{closure}(Object(Illuminate\Http\Request))
#36 [internal function]: Illuminate\Cookie\Middleware\AddQueuedCookiesToResponse->handle(Object(Illuminate\Http\Request), Object(Closure))
#37 E:\xampp\htdocs\myapp\schoolmanagementproject\vendor\laravel\framework\src\Illuminate\Pipeline\Pipeline.php(136): call_user_func_array(Array, Array)
#38 [internal function]: Illuminate\Pipeline\Pipeline->Illuminate\Pipeline\{closure}(Object(Illuminate\Http\Request))
#39 E:\xampp\htdocs\myapp\schoolmanagementproject\vendor\laravel\framework\src\Illuminate\Routing\Pipeline.php(32): call_user_func(Object(Closure), Object(Illuminate\Http\Request))
#40 E:\xampp\htdocs\myapp\schoolmanagementproject\vendor\laravel\framework\src\Illuminate\Cookie\Middleware\EncryptCookies.php(59): Illuminate\Routing\Pipeline->Illuminate\Routing\{closure}(Object(Illuminate\Http\Request))
#41 [internal function]: Illuminate\Cookie\Middleware\EncryptCookies->handle(Object(Illuminate\Http\Request), Object(Closure))
#42 E:\xampp\htdocs\myapp\schoolmanagementproject\vendor\laravel\framework\src\Illuminate\Pipeline\Pipeline.php(136): call_user_func_array(Array, Array)
#43 [internal function]: Illuminate\Pipeline\Pipeline->Illuminate\Pipeline\{closure}(Object(Illuminate\Http\Request))
#44 E:\xampp\htdocs\myapp\schoolmanagementproject\vendor\laravel\framework\src\Illuminate\Routing\Pipeline.php(32): call_user_func(Object(Closure), Object(Illuminate\Http\Request))
#45 [internal function]: Illuminate\Routing\Pipeline->Illuminate\Routing\{closure}(Object(Illuminate\Http\Request))
#46 E:\xampp\htdocs\myapp\schoolmanagementproject\vendor\laravel\framework\src\Illuminate\Pipeline\Pipeline.php(103): call_user_func(Object(Closure), Object(Illuminate\Http\Request))
#47 E:\xampp\htdocs\myapp\schoolmanagementproject\vendor\laravel\framework\src\Illuminate\Routing\Router.php(726): Illuminate\Pipeline\Pipeline->then(Object(Closure))
#48 E:\xampp\htdocs\myapp\schoolmanagementproject\vendor\laravel\framework\src\Illuminate\Routing\Router.php(699): Illuminate\Routing\Router->runRouteWithinStack(Object(Illuminate\Routing\Route), Object(Illuminate\Http\Request))
#49 E:\xampp\htdocs\myapp\schoolmanagementproject\vendor\laravel\framework\src\Illuminate\Routing\Router.php(675): Illuminate\Routing\Router->dispatchToRoute(Object(Illuminate\Http\Request))
#50 E:\xampp\htdocs\myapp\schoolmanagementproject\vendor\laravel\framework\src\Illuminate\Foundation\Http\Kernel.php(246): Illuminate\Routing\Router->dispatch(Object(Illuminate\Http\Request))
#51 [internal function]: Illuminate\Foundation\Http\Kernel->Illuminate\Foundation\Http\{closure}(Object(Illuminate\Http\Request))
#52 E:\xampp\htdocs\myapp\schoolmanagementproject\vendor\laravel\framework\src\Illuminate\Routing\Pipeline.php(52): call_user_func(Object(Closure), Object(Illuminate\Http\Request))
#53 E:\xampp\htdocs\myapp\schoolmanagementproject\vendor\laravel\framework\src\Illuminate\Foundation\Http\Middleware\CheckForMaintenanceMode.php(44): Illuminate\Routing\Pipeline->Illuminate\Routing\{closure}(Object(Illuminate\Http\Request))
#54 [internal function]: Illuminate\Foundation\Http\Middleware\CheckForMaintenanceMode->handle(Object(Illuminate\Http\Request), Object(Closure))
#55 E:\xampp\htdocs\myapp\schoolmanagementproject\vendor\laravel\framework\src\Illuminate\Pipeline\Pipeline.php(136): call_user_func_array(Array, Array)
#56 [internal function]: Illuminate\Pipeline\Pipeline->Illuminate\Pipeline\{closure}(Object(Illuminate\Http\Request))
#57 E:\xampp\htdocs\myapp\schoolmanagementproject\vendor\laravel\framework\src\Illuminate\Routing\Pipeline.php(32): call_user_func(Object(Closure), Object(Illuminate\Http\Request))
#58 [internal function]: Illuminate\Routing\Pipeline->Illuminate\Routing\{closure}(Object(Illuminate\Http\Request))
#59 E:\xampp\htdocs\myapp\schoolmanagementproject\vendor\laravel\framework\src\Illuminate\Pipeline\Pipeline.php(103): call_user_func(Object(Closure), Object(Illuminate\Http\Request))
#60 E:\xampp\htdocs\myapp\schoolmanagementproject\vendor\laravel\framework\src\Illuminate\Foundation\Http\Kernel.php(132): Illuminate\Pipeline\Pipeline->then(Object(Closure))
#61 E:\xampp\htdocs\myapp\schoolmanagementproject\vendor\laravel\framework\src\Illuminate\Foundation\Http\Kernel.php(99): Illuminate\Foundation\Http\Kernel->sendRequestThroughRouter(Object(Illuminate\Http\Request))
#62 E:\xampp\htdocs\myapp\schoolmanagementproject\public\index.php(54): Illuminate\Foundation\Http\Kernel->handle(Object(Illuminate\Http\Request))
#63 {main}

Next exception 'Illuminate\Database\QueryException' with message 'SQLSTATE[42S22]: Column not found: 1054 Unknown column 'classteachers_of' in 'field list' (SQL: insert into `teachers` (`teachers_id`, `teachers_name`, `classteachers_of`, `salary`, `updated_at`, `created_at`) values (1, Rabada, II, 25000, 2016-06-18 04:40:34, 2016-06-18 04:40:34))' in E:\xampp\htdocs\myapp\schoolmanagementproject\vendor\laravel\framework\src\Illuminate\Database\Connection.php:713
Stack trace:
#0 E:\xampp\htdocs\myapp\schoolmanagementproject\vendor\laravel\framework\src\Illuminate\Database\Connection.php(669): Illuminate\Database\Connection->runQueryCallback('insert into `te...', Array, Object(Closure))
#1 E:\xampp\htdocs\myapp\schoolmanagementproject\vendor\laravel\framework\src\Illuminate\Database\Connection.php(442): Illuminate\Database\Connection->run('insert into `te...', Array, Object(Closure))
#2 E:\xampp\htdocs\myapp\schoolmanagementproject\vendor\laravel\framework\src\Illuminate\Database\Connection.php(398): Illuminate\Database\Connection->statement('insert into `te...', Array)
#3 E:\xampp\htdocs\myapp\schoolmanagementproject\vendor\laravel\framework\src\Illuminate\Database\Query\Processors\Processor.php(32): Illuminate\Database\Connection->insert('insert into `te...', Array)
#4 E:\xampp\htdocs\myapp\schoolmanagementproject\vendor\laravel\framework\src\Illuminate\Database\Query\Builder.php(2055): Illuminate\Database\Query\Processors\Processor->processInsertGetId(Object(Illuminate\Database\Query\Builder), 'insert into `te...', Array, 'id')
#5 [internal function]: Illuminate\Database\Query\Builder->insertGetId(Array, 'id')
#6 E:\xampp\htdocs\myapp\schoolmanagementproject\vendor\laravel\framework\src\Illuminate\Database\Eloquent\Builder.php(1382): call_user_func_array(Array, Array)
#7 E:\xampp\htdocs\myapp\schoolmanagementproject\vendor\laravel\framework\src\Illuminate\Database\Eloquent\Model.php(1621): Illuminate\Database\Eloquent\Builder->__call('insertGetId', Array)
#8 E:\xampp\htdocs\myapp\schoolmanagementproject\vendor\laravel\framework\src\Illuminate\Database\Eloquent\Model.php(1621): Illuminate\Database\Eloquent\Builder->insertGetId(Array, 'id')
#9 E:\xampp\htdocs\myapp\schoolmanagementproject\vendor\laravel\framework\src\Illuminate\Database\Eloquent\Model.php(1590): Illuminate\Database\Eloquent\Model->insertAndSetId(Object(Illuminate\Database\Eloquent\Builder), Array)
#10 E:\xampp\htdocs\myapp\schoolmanagementproject\vendor\laravel\framework\src\Illuminate\Database\Eloquent\Model.php(1481): Illuminate\Database\Eloquent\Model->performInsert(Object(Illuminate\Database\Eloquent\Builder), Array)
#11 E:\xampp\htdocs\myapp\schoolmanagementproject\app\Http\routes.php(25): Illuminate\Database\Eloquent\Model->save()
#12 [internal function]: App\Providers\RouteServiceProvider->{closure}()
#13 E:\xampp\htdocs\myapp\schoolmanagementproject\vendor\laravel\framework\src\Illuminate\Routing\Route.php(158): call_user_func_array(Object(Closure), Array)
#14 E:\xampp\htdocs\myapp\schoolmanagementproject\vendor\laravel\framework\src\Illuminate\Routing\Route.php(137): Illuminate\Routing\Route->runCallable(Object(Illuminate\Http\Request))
#15 E:\xampp\htdocs\myapp\schoolmanagementproject\vendor\laravel\framework\src\Illuminate\Routing\Router.php(724): Illuminate\Routing\Route->run(Object(Illuminate\Http\Request))
#16 [internal function]: Illuminate\Routing\Router->Illuminate\Routing\{closure}(Object(Illuminate\Http\Request))
#17 E:\xampp\htdocs\myapp\schoolmanagementproject\vendor\laravel\framework\src\Illuminate\Routing\Pipeline.php(52): call_user_func(Object(Closure), Object(Illuminate\Http\Request))
#18 E:\xampp\htdocs\myapp\schoolmanagementproject\vendor\laravel\framework\src\Illuminate\Foundation\Http\Middleware\VerifyCsrfToken.php(64): Illuminate\Routing\Pipeline->Illuminate\Routing\{closure}(Object(Illuminate\Http\Request))
#19 [internal function]: Illuminate\Foundation\Http\Middleware\VerifyCsrfToken->handle(Object(Illuminate\Http\Request), Object(Closure))
#20 E:\xampp\htdocs\myapp\schoolmanagementproject\vendor\laravel\framework\src\Illuminate\Pipeline\Pipeline.php(136): call_user_func_array(Array, Array)
#21 [internal function]: Illuminate\Pipeline\Pipeline->Illuminate\Pipeline\{closure}(Object(Illuminate\Http\Request))
#22 E:\xampp\htdocs\myapp\schoolmanagementproject\vendor\laravel\framework\src\Illuminate\Routing\Pipeline.php(32): call_user_func(Object(Closure), Object(Illuminate\Http\Request))
#23 E:\xampp\htdocs\myapp\schoolmanagementproject\vendor\laravel\framework\src\Illuminate\View\Middleware\ShareErrorsFromSession.php(49): Illuminate\Routing\Pipeline->Illuminate\Routing\{closure}(Object(Illuminate\Http\Request))
#24 [internal function]: Illuminate\View\Middleware\ShareErrorsFromSession->handle(Object(Illuminate\Http\Request), Object(Closure))
#25 E:\xampp\htdocs\myapp\schoolmanagementproject\vendor\laravel\framework\src\Illuminate\Pipeline\Pipeline.php(136): call_user_func_array(Array, Array)
#26 [internal function]: Illuminate\Pipeline\Pipeline->Illuminate\Pipeline\{closure}(Object(Illuminate\Http\Request))
#27 E:\xampp\htdocs\myapp\schoolmanagementproject\vendor\laravel\framework\src\Illuminate\Routing\Pipeline.php(32): call_user_func(Object(Closure), Object(Illuminate\Http\Request))
#28 E:\xampp\htdocs\myapp\schoolmanagementproject\vendor\laravel\framework\src\Illuminate\Session\Middleware\StartSession.php(62): Illuminate\Routing\Pipeline->Illuminate\Routing\{closure}(Object(Illuminate\Http\Request))
#29 [internal function]: Illuminate\Session\Middleware\StartSession->handle(Object(Illuminate\Http\Request), Object(Closure))
#30 E:\xampp\htdocs\myapp\schoolmanagementproject\vendor\laravel\framework\src\Illuminate\Pipeline\Pipeline.php(136): call_user_func_array(Array, Array)
#31 [internal function]: Illuminate\Pipeline\Pipeline->Illuminate\Pipeline\{closure}(Object(Illuminate\Http\Request))
#32 E:\xampp\htdocs\myapp\schoolmanagementproject\vendor\laravel\framework\src\Illuminate\Routing\Pipeline.php(32): call_user_func(Object(Closure), Object(Illuminate\Http\Request))
#33 E:\xampp\htdocs\myapp\schoolmanagementproject\vendor\laravel\framework\src\Illuminate\Cookie\Middleware\AddQueuedCookiesToResponse.php(37): Illuminate\Routing\Pipeline->Illuminate\Routing\{closure}(Object(Illuminate\Http\Request))
#34 [internal function]: Illuminate\Cookie\Middleware\AddQueuedCookiesToResponse->handle(Object(Illuminate\Http\Request), Object(Closure))
#35 E:\xampp\htdocs\myapp\schoolmanagementproject\vendor\laravel\framework\src\Illuminate\Pipeline\Pipeline.php(136): call_user_func_array(Array, Array)
#36 [internal function]: Illuminate\Pipeline\Pipeline->Illuminate\Pipeline\{closure}(Object(Illuminate\Http\Request))
#37 E:\xampp\htdocs\myapp\schoolmanagementproject\vendor\laravel\framework\src\Illuminate\Routing\Pipeline.php(32): call_user_func(Object(Closure), Object(Illuminate\Http\Request))
#38 E:\xampp\htdocs\myapp\schoolmanagementproject\vendor\laravel\framework\src\Illuminate\Cookie\Middleware\EncryptCookies.php(59): Illuminate\Routing\Pipeline->Illuminate\Routing\{closure}(Object(Illuminate\Http\Request))
#39 [internal function]: Illuminate\Cookie\Middleware\EncryptCookies->handle(Object(Illuminate\Http\Request), Object(Closure))
#40 E:\xampp\htdocs\myapp\schoolmanagementproject\vendor\laravel\framework\src\Illuminate\Pipeline\Pipeline.php(136): call_user_func_array(Array, Array)
#41 [internal function]: Illuminate\Pipeline\Pipeline->Illuminate\Pipeline\{closure}(Object(Illuminate\Http\Request))
#42 E:\xampp\htdocs\myapp\schoolmanagementproject\vendor\laravel\framework\src\Illuminate\Routing\Pipeline.php(32): call_user_func(Object(Closure), Object(Illuminate\Http\Request))
#43 [internal function]: Illuminate\Routing\Pipeline->Illuminate\Routing\{closure}(Object(Illuminate\Http\Request))
#44 E:\xampp\htdocs\myapp\schoolmanagementproject\vendor\laravel\framework\src\Illuminate\Pipeline\Pipeline.php(103): call_user_func(Object(Closure), Object(Illuminate\Http\Request))
#45 E:\xampp\htdocs\myapp\schoolmanagementproject\vendor\laravel\framework\src\Illuminate\Routing\Router.php(726): Illuminate\Pipeline\Pipeline->then(Object(Closure))
#46 E:\xampp\htdocs\myapp\schoolmanagementproject\vendor\laravel\framework\src\Illuminate\Routing\Router.php(699): Illuminate\Routing\Router->runRouteWithinStack(Object(Illuminate\Routing\Route), Object(Illuminate\Http\Request))
#47 E:\xampp\htdocs\myapp\schoolmanagementproject\vendor\laravel\framework\src\Illuminate\Routing\Router.php(675): Illuminate\Routing\Router->dispatchToRoute(Object(Illuminate\Http\Request))
#48 E:\xampp\htdocs\myapp\schoolmanagementproject\vendor\laravel\framework\src\Illuminate\Foundation\Http\Kernel.php(246): Illuminate\Routing\Router->dispatch(Object(Illuminate\Http\Request))
#49 [internal function]: Illuminate\Foundation\Http\Kernel->Illuminate\Foundation\Http\{closure}(Object(Illuminate\Http\Request))
#50 E:\xampp\htdocs\myapp\schoolmanagementproject\vendor\laravel\framework\src\Illuminate\Routing\Pipeline.php(52): call_user_func(Object(Closure), Object(Illuminate\Http\Request))
#51 E:\xampp\htdocs\myapp\schoolmanagementproject\vendor\laravel\framework\src\Illuminate\Foundation\Http\Middleware\CheckForMaintenanceMode.php(44): Illuminate\Routing\Pipeline->Illuminate\Routing\{closure}(Object(Illuminate\Http\Request))
#52 [internal function]: Illuminate\Foundation\Http\Middleware\CheckForMaintenanceMode->handle(Object(Illuminate\Http\Request), Object(Closure))
#53 E:\xampp\htdocs\myapp\schoolmanagementproject\vendor\laravel\framework\src\Illuminate\Pipeline\Pipeline.php(136): call_user_func_array(Array, Array)
#54 [internal function]: Illuminate\Pipeline\Pipeline->Illuminate\Pipeline\{closure}(Object(Illuminate\Http\Request))
#55 E:\xampp\htdocs\myapp\schoolmanagementproject\vendor\laravel\framework\src\Illuminate\Routing\Pipeline.php(32): call_user_func(Object(Closure), Object(Illuminate\Http\Request))
#56 [internal function]: Illuminate\Routing\Pipeline->Illuminate\Routing\{closure}(Object(Illuminate\Http\Request))
#57 E:\xampp\htdocs\myapp\schoolmanagementproject\vendor\laravel\framework\src\Illuminate\Pipeline\Pipeline.php(103): call_user_func(Object(Closure), Object(Illuminate\Http\Request))
#58 E:\xampp\htdocs\myapp\schoolmanagementproject\vendor\laravel\framework\src\Illuminate\Foundation\Http\Kernel.php(132): Illuminate\Pipeline\Pipeline->then(Object(Closure))
#59 E:\xampp\htdocs\myapp\schoolmanagementproject\vendor\laravel\framework\src\Illuminate\Foundation\Http\Kernel.php(99): Illuminate\Foundation\Http\Kernel->sendRequestThroughRouter(Object(Illuminate\Http\Request))
#60 E:\xampp\htdocs\myapp\schoolmanagementproject\public\index.php(54): Illuminate\Foundation\Http\Kernel->handle(Object(Illuminate\Http\Request))
#61 {main}  
[2016-06-19 10:33:55] local.ERROR: exception 'ErrorException' with message 'Creating default object from empty value' in E:\xampp\htdocs\myapp\schoolmanagementproject\app\Http\Controllers\StudentsController.php:18
Stack trace:
#0 E:\xampp\htdocs\myapp\schoolmanagementproject\app\Http\Controllers\StudentsController.php(18): Illuminate\Foundation\Bootstrap\HandleExceptions->handleError(2, 'Creating defaul...', 'E:\\xampp\\htdocs...', 18, Array)
#1 [internal function]: App\Http\Controllers\StudentsController->InsertAllDataStudents()
#2 E:\xampp\htdocs\myapp\schoolmanagementproject\vendor\laravel\framework\src\Illuminate\Routing\Controller.php(80): call_user_func_array(Array, Array)
#3 E:\xampp\htdocs\myapp\schoolmanagementproject\vendor\laravel\framework\src\Illuminate\Routing\ControllerDispatcher.php(146): Illuminate\Routing\Controller->callAction('InsertAllDataSt...', Array)
#4 E:\xampp\htdocs\myapp\schoolmanagementproject\vendor\laravel\framework\src\Illuminate\Routing\ControllerDispatcher.php(94): Illuminate\Routing\ControllerDispatcher->call(Object(App\Http\Controllers\StudentsController), Object(Illuminate\Routing\Route), 'InsertAllDataSt...')
#5 [internal function]: Illuminate\Routing\ControllerDispatcher->Illuminate\Routing\{closure}(Object(Illuminate\Http\Request))
#6 E:\xampp\htdocs\myapp\schoolmanagementproject\vendor\laravel\framework\src\Illuminate\Routing\Pipeline.php(52): call_user_func(Object(Closure), Object(Illuminate\Http\Request))
#7 [internal function]: Illuminate\Routing\Pipeline->Illuminate\Routing\{closure}(Object(Illuminate\Http\Request))
#8 E:\xampp\htdocs\myapp\schoolmanagementproject\vendor\laravel\framework\src\Illuminate\Pipeline\Pipeline.php(103): call_user_func(Object(Closure), Object(Illuminate\Http\Request))
#9 E:\xampp\htdocs\myapp\schoolmanagementproject\vendor\laravel\framework\src\Illuminate\Routing\ControllerDispatcher.php(96): Illuminate\Pipeline\Pipeline->then(Object(Closure))
#10 E:\xampp\htdocs\myapp\schoolmanagementproject\vendor\laravel\framework\src\Illuminate\Routing\ControllerDispatcher.php(54): Illuminate\Routing\ControllerDispatcher->callWithinStack(Object(App\Http\Controllers\StudentsController), Object(Illuminate\Routing\Route), Object(Illuminate\Http\Request), 'InsertAllDataSt...')
#11 E:\xampp\htdocs\myapp\schoolmanagementproject\vendor\laravel\framework\src\Illuminate\Routing\Route.php(174): Illuminate\Routing\ControllerDispatcher->dispatch(Object(Illuminate\Routing\Route), Object(Illuminate\Http\Request), 'App\\Http\\Contro...', 'InsertAllDataSt...')
#12 E:\xampp\htdocs\myapp\schoolmanagementproject\vendor\laravel\framework\src\Illuminate\Routing\Route.php(140): Illuminate\Routing\Route->runController(Object(Illuminate\Http\Request))
#13 E:\xampp\htdocs\myapp\schoolmanagementproject\vendor\laravel\framework\src\Illuminate\Routing\Router.php(724): Illuminate\Routing\Route->run(Object(Illuminate\Http\Request))
#14 [internal function]: Illuminate\Routing\Router->Illuminate\Routing\{closure}(Object(Illuminate\Http\Request))
#15 E:\xampp\htdocs\myapp\schoolmanagementproject\vendor\laravel\framework\src\Illuminate\Routing\Pipeline.php(52): call_user_func(Object(Closure), Object(Illuminate\Http\Request))
#16 E:\xampp\htdocs\myapp\schoolmanagementproject\vendor\laravel\framework\src\Illuminate\Foundation\Http\Middleware\VerifyCsrfToken.php(64): Illuminate\Routing\Pipeline->Illuminate\Routing\{closure}(Object(Illuminate\Http\Request))
#17 [internal function]: Illuminate\Foundation\Http\Middleware\VerifyCsrfToken->handle(Object(Illuminate\Http\Request), Object(Closure))
#18 E:\xampp\htdocs\myapp\schoolmanagementproject\vendor\laravel\framework\src\Illuminate\Pipeline\Pipeline.php(136): call_user_func_array(Array, Array)
#19 [internal function]: Illuminate\Pipeline\Pipeline->Illuminate\Pipeline\{closure}(Object(Illuminate\Http\Request))
#20 E:\xampp\htdocs\myapp\schoolmanagementproject\vendor\laravel\framework\src\Illuminate\Routing\Pipeline.php(32): call_user_func(Object(Closure), Object(Illuminate\Http\Request))
#21 E:\xampp\htdocs\myapp\schoolmanagementproject\vendor\laravel\framework\src\Illuminate\View\Middleware\ShareErrorsFromSession.php(49): Illuminate\Routing\Pipeline->Illuminate\Routing\{closure}(Object(Illuminate\Http\Request))
#22 [internal function]: Illuminate\View\Middleware\ShareErrorsFromSession->handle(Object(Illuminate\Http\Request), Object(Closure))
#23 E:\xampp\htdocs\myapp\schoolmanagementproject\vendor\laravel\framework\src\Illuminate\Pipeline\Pipeline.php(136): call_user_func_array(Array, Array)
#24 [internal function]: Illuminate\Pipeline\Pipeline->Illuminate\Pipeline\{closure}(Object(Illuminate\Http\Request))
#25 E:\xampp\htdocs\myapp\schoolmanagementproject\vendor\laravel\framework\src\Illuminate\Routing\Pipeline.php(32): call_user_func(Object(Closure), Object(Illuminate\Http\Request))
#26 E:\xampp\htdocs\myapp\schoolmanagementproject\vendor\laravel\framework\src\Illuminate\Session\Middleware\StartSession.php(62): Illuminate\Routing\Pipeline->Illuminate\Routing\{closure}(Object(Illuminate\Http\Request))
#27 [internal function]: Illuminate\Session\Middleware\StartSession->handle(Object(Illuminate\Http\Request), Object(Closure))
#28 E:\xampp\htdocs\myapp\schoolmanagementproject\vendor\laravel\framework\src\Illuminate\Pipeline\Pipeline.php(136): call_user_func_array(Array, Array)
#29 [internal function]: Illuminate\Pipeline\Pipeline->Illuminate\Pipeline\{closure}(Object(Illuminate\Http\Request))
#30 E:\xampp\htdocs\myapp\schoolmanagementproject\vendor\laravel\framework\src\Illuminate\Routing\Pipeline.php(32): call_user_func(Object(Closure), Object(Illuminate\Http\Request))
#31 E:\xampp\htdocs\myapp\schoolmanagementproject\vendor\laravel\framework\src\Illuminate\Cookie\Middleware\AddQueuedCookiesToResponse.php(37): Illuminate\Routing\Pipeline->Illuminate\Routing\{closure}(Object(Illuminate\Http\Request))
#32 [internal function]: Illuminate\Cookie\Middleware\AddQueuedCookiesToResponse->handle(Object(Illuminate\Http\Request), Object(Closure))
#33 E:\xampp\htdocs\myapp\schoolmanagementproject\vendor\laravel\framework\src\Illuminate\Pipeline\Pipeline.php(136): call_user_func_array(Array, Array)
#34 [internal function]: Illuminate\Pipeline\Pipeline->Illuminate\Pipeline\{closure}(Object(Illuminate\Http\Request))
#35 E:\xampp\htdocs\myapp\schoolmanagementproject\vendor\laravel\framework\src\Illuminate\Routing\Pipeline.php(32): call_user_func(Object(Closure), Object(Illuminate\Http\Request))
#36 E:\xampp\htdocs\myapp\schoolmanagementproject\vendor\laravel\framework\src\Illuminate\Cookie\Middleware\EncryptCookies.php(59): Illuminate\Routing\Pipeline->Illuminate\Routing\{closure}(Object(Illuminate\Http\Request))
#37 [internal function]: Illuminate\Cookie\Middleware\EncryptCookies->handle(Object(Illuminate\Http\Request), Object(Closure))
#38 E:\xampp\htdocs\myapp\schoolmanagementproject\vendor\laravel\framework\src\Illuminate\Pipeline\Pipeline.php(136): call_user_func_array(Array, Array)
#39 [internal function]: Illuminate\Pipeline\Pipeline->Illuminate\Pipeline\{closure}(Object(Illuminate\Http\Request))
#40 E:\xampp\htdocs\myapp\schoolmanagementproject\vendor\laravel\framework\src\Illuminate\Routing\Pipeline.php(32): call_user_func(Object(Closure), Object(Illuminate\Http\Request))
#41 [internal function]: Illuminate\Routing\Pipeline->Illuminate\Routing\{closure}(Object(Illuminate\Http\Request))
#42 E:\xampp\htdocs\myapp\schoolmanagementproject\vendor\laravel\framework\src\Illuminate\Pipeline\Pipeline.php(103): call_user_func(Object(Closure), Object(Illuminate\Http\Request))
#43 E:\xampp\htdocs\myapp\schoolmanagementproject\vendor\laravel\framework\src\Illuminate\Routing\Router.php(726): Illuminate\Pipeline\Pipeline->then(Object(Closure))
#44 E:\xampp\htdocs\myapp\schoolmanagementproject\vendor\laravel\framework\src\Illuminate\Routing\Router.php(699): Illuminate\Routing\Router->runRouteWithinStack(Object(Illuminate\Routing\Route), Object(Illuminate\Http\Request))
#45 E:\xampp\htdocs\myapp\schoolmanagementproject\vendor\laravel\framework\src\Illuminate\Routing\Router.php(675): Illuminate\Routing\Router->dispatchToRoute(Object(Illuminate\Http\Request))
#46 E:\xampp\htdocs\myapp\schoolmanagementproject\vendor\laravel\framework\src\Illuminate\Foundation\Http\Kernel.php(246): Illuminate\Routing\Router->dispatch(Object(Illuminate\Http\Request))
#47 [internal function]: Illuminate\Foundation\Http\Kernel->Illuminate\Foundation\Http\{closure}(Object(Illuminate\Http\Request))
#48 E:\xampp\htdocs\myapp\schoolmanagementproject\vendor\laravel\framework\src\Illuminate\Routing\Pipeline.php(52): call_user_func(Object(Closure), Object(Illuminate\Http\Request))
#49 E:\xampp\htdocs\myapp\schoolmanagementproject\vendor\laravel\framework\src\Illuminate\Foundation\Http\Middleware\CheckForMaintenanceMode.php(44): Illuminate\Routing\Pipeline->Illuminate\Routing\{closure}(Object(Illuminate\Http\Request))
#50 [internal function]: Illuminate\Foundation\Http\Middleware\CheckForMaintenanceMode->handle(Object(Illuminate\Http\Request), Object(Closure))
#51 E:\xampp\htdocs\myapp\schoolmanagementproject\vendor\laravel\framework\src\Illuminate\Pipeline\Pipeline.php(136): call_user_func_array(Array, Array)
#52 [internal function]: Illuminate\Pipeline\Pipeline->Illuminate\Pipeline\{closure}(Object(Illuminate\Http\Request))
#53 E:\xampp\htdocs\myapp\schoolmanagementproject\vendor\laravel\framework\src\Illuminate\Routing\Pipeline.php(32): call_user_func(Object(Closure), Object(Illuminate\Http\Request))
#54 [internal function]: Illuminate\Routing\Pipeline->Illuminate\Routing\{closure}(Object(Illuminate\Http\Request))
#55 E:\xampp\htdocs\myapp\schoolmanagementproject\vendor\laravel\framework\src\Illuminate\Pipeline\Pipeline.php(103): call_user_func(Object(Closure), Object(Illuminate\Http\Request))
#56 E:\xampp\htdocs\myapp\schoolmanagementproject\vendor\laravel\framework\src\Illuminate\Foundation\Http\Kernel.php(132): Illuminate\Pipeline\Pipeline->then(Object(Closure))
#57 E:\xampp\htdocs\myapp\schoolmanagementproject\vendor\laravel\framework\src\Illuminate\Foundation\Http\Kernel.php(99): Illuminate\Foundation\Http\Kernel->sendRequestThroughRouter(Object(Illuminate\Http\Request))
#58 E:\xampp\htdocs\myapp\schoolmanagementproject\public\index.php(54): Illuminate\Foundation\Http\Kernel->handle(Object(Illuminate\Http\Request))
#59 {main}  
[2016-06-19 10:49:40] local.ERROR: exception 'Symfony\Component\Debug\Exception\FatalErrorException' with message 'syntax error, unexpected '='' in E:\xampp\htdocs\myapp\schoolmanagementproject\storage\framework\views\8d8501fad02478836a112ac20621c82228a607bd.php:23
Stack trace:
#0 {main}  
[2016-06-19 10:50:26] local.ERROR: exception 'PDOException' with message 'SQLSTATE[42S22]: Column not found: 1054 Unknown column 'teahcers_name' in 'where clause'' in E:\xampp\htdocs\myapp\schoolmanagementproject\vendor\laravel\framework\src\Illuminate\Database\Connection.php:333
Stack trace:
#0 E:\xampp\htdocs\myapp\schoolmanagementproject\vendor\laravel\framework\src\Illuminate\Database\Connection.php(333): PDO->prepare('select * from `...')
#1 E:\xampp\htdocs\myapp\schoolmanagementproject\vendor\laravel\framework\src\Illuminate\Database\Connection.php(706): Illuminate\Database\Connection->Illuminate\Database\{closure}(Object(Illuminate\Database\MySqlConnection), 'select * from `...', Array)
#2 E:\xampp\htdocs\myapp\schoolmanagementproject\vendor\laravel\framework\src\Illuminate\Database\Connection.php(669): Illuminate\Database\Connection->runQueryCallback('select * from `...', Array, Object(Closure))
#3 E:\xampp\htdocs\myapp\schoolmanagementproject\vendor\laravel\framework\src\Illuminate\Database\Connection.php(342): Illuminate\Database\Connection->run('select * from `...', Array, Object(Closure))
#4 E:\xampp\htdocs\myapp\schoolmanagementproject\vendor\laravel\framework\src\Illuminate\Database\Query\Builder.php(1583): Illuminate\Database\Connection->select('select * from `...', Array, true)
#5 E:\xampp\htdocs\myapp\schoolmanagementproject\vendor\laravel\framework\src\Illuminate\Database\Query\Builder.php(1569): Illuminate\Database\Query\Builder->runSelect()
#6 E:\xampp\htdocs\myapp\schoolmanagementproject\storage\framework\views\8d8501fad02478836a112ac20621c82228a607bd.php(33): Illuminate\Database\Query\Builder->get()
#7 E:\xampp\htdocs\myapp\schoolmanagementproject\vendor\laravel\framework\src\Illuminate\View\Engines\PhpEngine.php(42): include('E:\\xampp\\htdocs...')
#8 E:\xampp\htdocs\myapp\schoolmanagementproject\vendor\laravel\framework\src\Illuminate\View\Engines\CompilerEngine.php(59): Illuminate\View\Engines\PhpEngine->evaluatePath('E:\\xampp\\htdocs...', Array)
#9 E:\xampp\htdocs\myapp\schoolmanagementproject\vendor\laravel\framework\src\Illuminate\View\View.php(149): Illuminate\View\Engines\CompilerEngine->get('E:\\xampp\\htdocs...', Array)
#10 E:\xampp\htdocs\myapp\schoolmanagementproject\vendor\laravel\framework\src\Illuminate\View\View.php(120): Illuminate\View\View->getContents()
#11 E:\xampp\htdocs\myapp\schoolmanagementproject\vendor\laravel\framework\src\Illuminate\View\View.php(85): Illuminate\View\View->renderContents()
#12 E:\xampp\htdocs\myapp\schoolmanagementproject\vendor\laravel\framework\src\Illuminate\Http\Response.php(53): Illuminate\View\View->render()
#13 E:\xampp\htdocs\myapp\schoolmanagementproject\vendor\symfony\http-foundation\Response.php(201): Illuminate\Http\Response->setContent(Object(Illuminate\View\View))
#14 E:\xampp\htdocs\myapp\schoolmanagementproject\vendor\laravel\framework\src\Illuminate\Routing\Router.php(1085): Symfony\Component\HttpFoundation\Response->__construct(Object(Illuminate\View\View))
#15 E:\xampp\htdocs\myapp\schoolmanagementproject\vendor\laravel\framework\src\Illuminate\Routing\Router.php(725): Illuminate\Routing\Router->prepareResponse(Object(Illuminate\Http\Request), Object(Illuminate\View\View))
#16 [internal function]: Illuminate\Routing\Router->Illuminate\Routing\{closure}(Object(Illuminate\Http\Request))
#17 E:\xampp\htdocs\myapp\schoolmanagementproject\vendor\laravel\framework\src\Illuminate\Routing\Pipeline.php(52): call_user_func(Object(Closure), Object(Illuminate\Http\Request))
#18 E:\xampp\htdocs\myapp\schoolmanagementproject\vendor\laravel\framework\src\Illuminate\Foundation\Http\Middleware\VerifyCsrfToken.php(64): Illuminate\Routing\Pipeline->Illuminate\Routing\{closure}(Object(Illuminate\Http\Request))
#19 [internal function]: Illuminate\Foundation\Http\Middleware\VerifyCsrfToken->handle(Object(Illuminate\Http\Request), Object(Closure))
#20 E:\xampp\htdocs\myapp\schoolmanagementproject\vendor\laravel\framework\src\Illuminate\Pipeline\Pipeline.php(136): call_user_func_array(Array, Array)
#21 [internal function]: Illuminate\Pipeline\Pipeline->Illuminate\Pipeline\{closure}(Object(Illuminate\Http\Request))
#22 E:\xampp\htdocs\myapp\schoolmanagementproject\vendor\laravel\framework\src\Illuminate\Routing\Pipeline.php(32): call_user_func(Object(Closure), Object(Illuminate\Http\Request))
#23 E:\xampp\htdocs\myapp\schoolmanagementproject\vendor\laravel\framework\src\Illuminate\View\Middleware\ShareErrorsFromSession.php(49): Illuminate\Routing\Pipeline->Illuminate\Routing\{closure}(Object(Illuminate\Http\Request))
#24 [internal function]: Illuminate\View\Middleware\ShareErrorsFromSession->handle(Object(Illuminate\Http\Request), Object(Closure))
#25 E:\xampp\htdocs\myapp\schoolmanagementproject\vendor\laravel\framework\src\Illuminate\Pipeline\Pipeline.php(136): call_user_func_array(Array, Array)
#26 [internal function]: Illuminate\Pipeline\Pipeline->Illuminate\Pipeline\{closure}(Object(Illuminate\Http\Request))
#27 E:\xampp\htdocs\myapp\schoolmanagementproject\vendor\laravel\framework\src\Illuminate\Routing\Pipeline.php(32): call_user_func(Object(Closure), Object(Illuminate\Http\Request))
#28 E:\xampp\htdocs\myapp\schoolmanagementproject\vendor\laravel\framework\src\Illuminate\Session\Middleware\StartSession.php(62): Illuminate\Routing\Pipeline->Illuminate\Routing\{closure}(Object(Illuminate\Http\Request))
#29 [internal function]: Illuminate\Session\Middleware\StartSession->handle(Object(Illuminate\Http\Request), Object(Closure))
#30 E:\xampp\htdocs\myapp\schoolmanagementproject\vendor\laravel\framework\src\Illuminate\Pipeline\Pipeline.php(136): call_user_func_array(Array, Array)
#31 [internal function]: Illuminate\Pipeline\Pipeline->Illuminate\Pipeline\{closure}(Object(Illuminate\Http\Request))
#32 E:\xampp\htdocs\myapp\schoolmanagementproject\vendor\laravel\framework\src\Illuminate\Routing\Pipeline.php(32): call_user_func(Object(Closure), Object(Illuminate\Http\Request))
#33 E:\xampp\htdocs\myapp\schoolmanagementproject\vendor\laravel\framework\src\Illuminate\Cookie\Middleware\AddQueuedCookiesToResponse.php(37): Illuminate\Routing\Pipeline->Illuminate\Routing\{closure}(Object(Illuminate\Http\Request))
#34 [internal function]: Illuminate\Cookie\Middleware\AddQueuedCookiesToResponse->handle(Object(Illuminate\Http\Request), Object(Closure))
#35 E:\xampp\htdocs\myapp\schoolmanagementproject\vendor\laravel\framework\src\Illuminate\Pipeline\Pipeline.php(136): call_user_func_array(Array, Array)
#36 [internal function]: Illuminate\Pipeline\Pipeline->Illuminate\Pipeline\{closure}(Object(Illuminate\Http\Request))
#37 E:\xampp\htdocs\myapp\schoolmanagementproject\vendor\laravel\framework\src\Illuminate\Routing\Pipeline.php(32): call_user_func(Object(Closure), Object(Illuminate\Http\Request))
#38 E:\xampp\htdocs\myapp\schoolmanagementproject\vendor\laravel\framework\src\Illuminate\Cookie\Middleware\EncryptCookies.php(59): Illuminate\Routing\Pipeline->Illuminate\Routing\{closure}(Object(Illuminate\Http\Request))
#39 [internal function]: Illuminate\Cookie\Middleware\EncryptCookies->handle(Object(Illuminate\Http\Request), Object(Closure))
#40 E:\xampp\htdocs\myapp\schoolmanagementproject\vendor\laravel\framework\src\Illuminate\Pipeline\Pipeline.php(136): call_user_func_array(Array, Array)
#41 [internal function]: Illuminate\Pipeline\Pipeline->Illuminate\Pipeline\{closure}(Object(Illuminate\Http\Request))
#42 E:\xampp\htdocs\myapp\schoolmanagementproject\vendor\laravel\framework\src\Illuminate\Routing\Pipeline.php(32): call_user_func(Object(Closure), Object(Illuminate\Http\Request))
#43 [internal function]: Illuminate\Routing\Pipeline->Illuminate\Routing\{closure}(Object(Illuminate\Http\Request))
#44 E:\xampp\htdocs\myapp\schoolmanagementproject\vendor\laravel\framework\src\Illuminate\Pipeline\Pipeline.php(103): call_user_func(Object(Closure), Object(Illuminate\Http\Request))
#45 E:\xampp\htdocs\myapp\schoolmanagementproject\vendor\laravel\framework\src\Illuminate\Routing\Router.php(726): Illuminate\Pipeline\Pipeline->then(Object(Closure))
#46 E:\xampp\htdocs\myapp\schoolmanagementproject\vendor\laravel\framework\src\Illuminate\Routing\Router.php(699): Illuminate\Routing\Router->runRouteWithinStack(Object(Illuminate\Routing\Route), Object(Illuminate\Http\Request))
#47 E:\xampp\htdocs\myapp\schoolmanagementproject\vendor\laravel\framework\src\Illuminate\Routing\Router.php(675): Illuminate\Routing\Router->dispatchToRoute(Object(Illuminate\Http\Request))
#48 E:\xampp\htdocs\myapp\schoolmanagementproject\vendor\laravel\framework\src\Illuminate\Foundation\Http\Kernel.php(246): Illuminate\Routing\Router->dispatch(Object(Illuminate\Http\Request))
#49 [internal function]: Illuminate\Foundation\Http\Kernel->Illuminate\Foundation\Http\{closure}(Object(Illuminate\Http\Request))
#50 E:\xampp\htdocs\myapp\schoolmanagementproject\vendor\laravel\framework\src\Illuminate\Routing\Pipeline.php(52): call_user_func(Object(Closure), Object(Illuminate\Http\Request))
#51 E:\xampp\htdocs\myapp\schoolmanagementproject\vendor\laravel\framework\src\Illuminate\Foundation\Http\Middleware\CheckForMaintenanceMode.php(44): Illuminate\Routing\Pipeline->Illuminate\Routing\{closure}(Object(Illuminate\Http\Request))
#52 [internal function]: Illuminate\Foundation\Http\Middleware\CheckForMaintenanceMode->handle(Object(Illuminate\Http\Request), Object(Closure))
#53 E:\xampp\htdocs\myapp\schoolmanagementproject\vendor\laravel\framework\src\Illuminate\Pipeline\Pipeline.php(136): call_user_func_array(Array, Array)
#54 [internal function]: Illuminate\Pipeline\Pipeline->Illuminate\Pipeline\{closure}(Object(Illuminate\Http\Request))
#55 E:\xampp\htdocs\myapp\schoolmanagementproject\vendor\laravel\framework\src\Illuminate\Routing\Pipeline.php(32): call_user_func(Object(Closure), Object(Illuminate\Http\Request))
#56 [internal function]: Illuminate\Routing\Pipeline->Illuminate\Routing\{closure}(Object(Illuminate\Http\Request))
#57 E:\xampp\htdocs\myapp\schoolmanagementproject\vendor\laravel\framework\src\Illuminate\Pipeline\Pipeline.php(103): call_user_func(Object(Closure), Object(Illuminate\Http\Request))
#58 E:\xampp\htdocs\myapp\schoolmanagementproject\vendor\laravel\framework\src\Illuminate\Foundation\Http\Kernel.php(132): Illuminate\Pipeline\Pipeline->then(Object(Closure))
#59 E:\xampp\htdocs\myapp\schoolmanagementproject\vendor\laravel\framework\src\Illuminate\Foundation\Http\Kernel.php(99): Illuminate\Foundation\Http\Kernel->sendRequestThroughRouter(Object(Illuminate\Http\Request))
#60 E:\xampp\htdocs\myapp\schoolmanagementproject\public\index.php(54): Illuminate\Foundation\Http\Kernel->handle(Object(Illuminate\Http\Request))
#61 {main}

Next exception 'Illuminate\Database\QueryException' with message 'SQLSTATE[42S22]: Column not found: 1054 Unknown column 'teahcers_name' in 'where clause' (SQL: select * from `teachers` where `teahcers_name` = Rabada)' in E:\xampp\htdocs\myapp\schoolmanagementproject\vendor\laravel\framework\src\Illuminate\Database\Connection.php:713
Stack trace:
#0 E:\xampp\htdocs\myapp\schoolmanagementproject\vendor\laravel\framework\src\Illuminate\Database\Connection.php(669): Illuminate\Database\Connection->runQueryCallback('select * from `...', Array, Object(Closure))
#1 E:\xampp\htdocs\myapp\schoolmanagementproject\vendor\laravel\framework\src\Illuminate\Database\Connection.php(342): Illuminate\Database\Connection->run('select * from `...', Array, Object(Closure))
#2 E:\xampp\htdocs\myapp\schoolmanagementproject\vendor\laravel\framework\src\Illuminate\Database\Query\Builder.php(1583): Illuminate\Database\Connection->select('select * from `...', Array, true)
#3 E:\xampp\htdocs\myapp\schoolmanagementproject\vendor\laravel\framework\src\Illuminate\Database\Query\Builder.php(1569): Illuminate\Database\Query\Builder->runSelect()
#4 E:\xampp\htdocs\myapp\schoolmanagementproject\storage\framework\views\8d8501fad02478836a112ac20621c82228a607bd.php(33): Illuminate\Database\Query\Builder->get()
#5 E:\xampp\htdocs\myapp\schoolmanagementproject\vendor\laravel\framework\src\Illuminate\View\Engines\PhpEngine.php(42): include('E:\\xampp\\htdocs...')
#6 E:\xampp\htdocs\myapp\schoolmanagementproject\vendor\laravel\framework\src\Illuminate\View\Engines\CompilerEngine.php(59): Illuminate\View\Engines\PhpEngine->evaluatePath('E:\\xampp\\htdocs...', Array)
#7 E:\xampp\htdocs\myapp\schoolmanagementproject\vendor\laravel\framework\src\Illuminate\View\View.php(149): Illuminate\View\Engines\CompilerEngine->get('E:\\xampp\\htdocs...', Array)
#8 E:\xampp\htdocs\myapp\schoolmanagementproject\vendor\laravel\framework\src\Illuminate\View\View.php(120): Illuminate\View\View->getContents()
#9 E:\xampp\htdocs\myapp\schoolmanagementproject\vendor\laravel\framework\src\Illuminate\View\View.php(85): Illuminate\View\View->renderContents()
#10 E:\xampp\htdocs\myapp\schoolmanagementproject\vendor\laravel\framework\src\Illuminate\Http\Response.php(53): Illuminate\View\View->render()
#11 E:\xampp\htdocs\myapp\schoolmanagementproject\vendor\symfony\http-foundation\Response.php(201): Illuminate\Http\Response->setContent(Object(Illuminate\View\View))
#12 E:\xampp\htdocs\myapp\schoolmanagementproject\vendor\laravel\framework\src\Illuminate\Routing\Router.php(1085): Symfony\Component\HttpFoundation\Response->__construct(Object(Illuminate\View\View))
#13 E:\xampp\htdocs\myapp\schoolmanagementproject\vendor\laravel\framework\src\Illuminate\Routing\Router.php(725): Illuminate\Routing\Router->prepareResponse(Object(Illuminate\Http\Request), Object(Illuminate\View\View))
#14 [internal function]: Illuminate\Routing\Router->Illuminate\Routing\{closure}(Object(Illuminate\Http\Request))
#15 E:\xampp\htdocs\myapp\schoolmanagementproject\vendor\laravel\framework\src\Illuminate\Routing\Pipeline.php(52): call_user_func(Object(Closure), Object(Illuminate\Http\Request))
#16 E:\xampp\htdocs\myapp\schoolmanagementproject\vendor\laravel\framework\src\Illuminate\Foundation\Http\Middleware\VerifyCsrfToken.php(64): Illuminate\Routing\Pipeline->Illuminate\Routing\{closure}(Object(Illuminate\Http\Request))
#17 [internal function]: Illuminate\Foundation\Http\Middleware\VerifyCsrfToken->handle(Object(Illuminate\Http\Request), Object(Closure))
#18 E:\xampp\htdocs\myapp\schoolmanagementproject\vendor\laravel\framework\src\Illuminate\Pipeline\Pipeline.php(136): call_user_func_array(Array, Array)
#19 [internal function]: Illuminate\Pipeline\Pipeline->Illuminate\Pipeline\{closure}(Object(Illuminate\Http\Request))
#20 E:\xampp\htdocs\myapp\schoolmanagementproject\vendor\laravel\framework\src\Illuminate\Routing\Pipeline.php(32): call_user_func(Object(Closure), Object(Illuminate\Http\Request))
#21 E:\xampp\htdocs\myapp\schoolmanagementproject\vendor\laravel\framework\src\Illuminate\View\Middleware\ShareErrorsFromSession.php(49): Illuminate\Routing\Pipeline->Illuminate\Routing\{closure}(Object(Illuminate\Http\Request))
#22 [internal function]: Illuminate\View\Middleware\ShareErrorsFromSession->handle(Object(Illuminate\Http\Request), Object(Closure))
#23 E:\xampp\htdocs\myapp\schoolmanagementproject\vendor\laravel\framework\src\Illuminate\Pipeline\Pipeline.php(136): call_user_func_array(Array, Array)
#24 [internal function]: Illuminate\Pipeline\Pipeline->Illuminate\Pipeline\{closure}(Object(Illuminate\Http\Request))
#25 E:\xampp\htdocs\myapp\schoolmanagementproject\vendor\laravel\framework\src\Illuminate\Routing\Pipeline.php(32): call_user_func(Object(Closure), Object(Illuminate\Http\Request))
#26 E:\xampp\htdocs\myapp\schoolmanagementproject\vendor\laravel\framework\src\Illuminate\Session\Middleware\StartSession.php(62): Illuminate\Routing\Pipeline->Illuminate\Routing\{closure}(Object(Illuminate\Http\Request))
#27 [internal function]: Illuminate\Session\Middleware\StartSession->handle(Object(Illuminate\Http\Request), Object(Closure))
#28 E:\xampp\htdocs\myapp\schoolmanagementproject\vendor\laravel\framework\src\Illuminate\Pipeline\Pipeline.php(136): call_user_func_array(Array, Array)
#29 [internal function]: Illuminate\Pipeline\Pipeline->Illuminate\Pipeline\{closure}(Object(Illuminate\Http\Request))
#30 E:\xampp\htdocs\myapp\schoolmanagementproject\vendor\laravel\framework\src\Illuminate\Routing\Pipeline.php(32): call_user_func(Object(Closure), Object(Illuminate\Http\Request))
#31 E:\xampp\htdocs\myapp\schoolmanagementproject\vendor\laravel\framework\src\Illuminate\Cookie\Middleware\AddQueuedCookiesToResponse.php(37): Illuminate\Routing\Pipeline->Illuminate\Routing\{closure}(Object(Illuminate\Http\Request))
#32 [internal function]: Illuminate\Cookie\Middleware\AddQueuedCookiesToResponse->handle(Object(Illuminate\Http\Request), Object(Closure))
#33 E:\xampp\htdocs\myapp\schoolmanagementproject\vendor\laravel\framework\src\Illuminate\Pipeline\Pipeline.php(136): call_user_func_array(Array, Array)
#34 [internal function]: Illuminate\Pipeline\Pipeline->Illuminate\Pipeline\{closure}(Object(Illuminate\Http\Request))
#35 E:\xampp\htdocs\myapp\schoolmanagementproject\vendor\laravel\framework\src\Illuminate\Routing\Pipeline.php(32): call_user_func(Object(Closure), Object(Illuminate\Http\Request))
#36 E:\xampp\htdocs\myapp\schoolmanagementproject\vendor\laravel\framework\src\Illuminate\Cookie\Middleware\EncryptCookies.php(59): Illuminate\Routing\Pipeline->Illuminate\Routing\{closure}(Object(Illuminate\Http\Request))
#37 [internal function]: Illuminate\Cookie\Middleware\EncryptCookies->handle(Object(Illuminate\Http\Request), Object(Closure))
#38 E:\xampp\htdocs\myapp\schoolmanagementproject\vendor\laravel\framework\src\Illuminate\Pipeline\Pipeline.php(136): call_user_func_array(Array, Array)
#39 [internal function]: Illuminate\Pipeline\Pipeline->Illuminate\Pipeline\{closure}(Object(Illuminate\Http\Request))
#40 E:\xampp\htdocs\myapp\schoolmanagementproject\vendor\laravel\framework\src\Illuminate\Routing\Pipeline.php(32): call_user_func(Object(Closure), Object(Illuminate\Http\Request))
#41 [internal function]: Illuminate\Routing\Pipeline->Illuminate\Routing\{closure}(Object(Illuminate\Http\Request))
#42 E:\xampp\htdocs\myapp\schoolmanagementproject\vendor\laravel\framework\src\Illuminate\Pipeline\Pipeline.php(103): call_user_func(Object(Closure), Object(Illuminate\Http\Request))
#43 E:\xampp\htdocs\myapp\schoolmanagementproject\vendor\laravel\framework\src\Illuminate\Routing\Router.php(726): Illuminate\Pipeline\Pipeline->then(Object(Closure))
#44 E:\xampp\htdocs\myapp\schoolmanagementproject\vendor\laravel\framework\src\Illuminate\Routing\Router.php(699): Illuminate\Routing\Router->runRouteWithinStack(Object(Illuminate\Routing\Route), Object(Illuminate\Http\Request))
#45 E:\xampp\htdocs\myapp\schoolmanagementproject\vendor\laravel\framework\src\Illuminate\Routing\Router.php(675): Illuminate\Routing\Router->dispatchToRoute(Object(Illuminate\Http\Request))
#46 E:\xampp\htdocs\myapp\schoolmanagementproject\vendor\laravel\framework\src\Illuminate\Foundation\Http\Kernel.php(246): Illuminate\Routing\Router->dispatch(Object(Illuminate\Http\Request))
#47 [internal function]: Illuminate\Foundation\Http\Kernel->Illuminate\Foundation\Http\{closure}(Object(Illuminate\Http\Request))
#48 E:\xampp\htdocs\myapp\schoolmanagementproject\vendor\laravel\framework\src\Illuminate\Routing\Pipeline.php(52): call_user_func(Object(Closure), Object(Illuminate\Http\Request))
#49 E:\xampp\htdocs\myapp\schoolmanagementproject\vendor\laravel\framework\src\Illuminate\Foundation\Http\Middleware\CheckForMaintenanceMode.php(44): Illuminate\Routing\Pipeline->Illuminate\Routing\{closure}(Object(Illuminate\Http\Request))
#50 [internal function]: Illuminate\Foundation\Http\Middleware\CheckForMaintenanceMode->handle(Object(Illuminate\Http\Request), Object(Closure))
#51 E:\xampp\htdocs\myapp\schoolmanagementproject\vendor\laravel\framework\src\Illuminate\Pipeline\Pipeline.php(136): call_user_func_array(Array, Array)
#52 [internal function]: Illuminate\Pipeline\Pipeline->Illuminate\Pipeline\{closure}(Object(Illuminate\Http\Request))
#53 E:\xampp\htdocs\myapp\schoolmanagementproject\vendor\laravel\framework\src\Illuminate\Routing\Pipeline.php(32): call_user_func(Object(Closure), Object(Illuminate\Http\Request))
#54 [internal function]: Illuminate\Routing\Pipeline->Illuminate\Routing\{closure}(Object(Illuminate\Http\Request))
#55 E:\xampp\htdocs\myapp\schoolmanagementproject\vendor\laravel\framework\src\Illuminate\Pipeline\Pipeline.php(103): call_user_func(Object(Closure), Object(Illuminate\Http\Request))
#56 E:\xampp\htdocs\myapp\schoolmanagementproject\vendor\laravel\framework\src\Illuminate\Foundation\Http\Kernel.php(132): Illuminate\Pipeline\Pipeline->then(Object(Closure))
#57 E:\xampp\htdocs\myapp\schoolmanagementproject\vendor\laravel\framework\src\Illuminate\Foundation\Http\Kernel.php(99): Illuminate\Foundation\Http\Kernel->sendRequestThroughRouter(Object(Illuminate\Http\Request))
#58 E:\xampp\htdocs\myapp\schoolmanagementproject\public\index.php(54): Illuminate\Foundation\Http\Kernel->handle(Object(Illuminate\Http\Request))
#59 {main}

Next exception 'ErrorException' with message 'SQLSTATE[42S22]: Column not found: 1054 Unknown column 'teahcers_name' in 'where clause' (SQL: select * from `teachers` where `teahcers_name` = Rabada) (View: E:\xampp\htdocs\myapp\schoolmanagementproject\resources\views\displaycombineddata.blade.php)' in E:\xampp\htdocs\myapp\schoolmanagementproject\vendor\laravel\framework\src\Illuminate\Database\Connection.php:713
Stack trace:
#0 E:\xampp\htdocs\myapp\schoolmanagementproject\vendor\laravel\framework\src\Illuminate\View\Engines\PhpEngine.php(44): Illuminate\View\Engines\CompilerEngine->handleViewException(Object(Illuminate\Database\QueryException), 1)
#1 E:\xampp\htdocs\myapp\schoolmanagementproject\vendor\laravel\framework\src\Illuminate\View\Engines\CompilerEngine.php(59): Illuminate\View\Engines\PhpEngine->evaluatePath('E:\\xampp\\htdocs...', Array)
#2 E:\xampp\htdocs\myapp\schoolmanagementproject\vendor\laravel\framework\src\Illuminate\View\View.php(149): Illuminate\View\Engines\CompilerEngine->get('E:\\xampp\\htdocs...', Array)
#3 E:\xampp\htdocs\myapp\schoolmanagementproject\vendor\laravel\framework\src\Illuminate\View\View.php(120): Illuminate\View\View->getContents()
#4 E:\xampp\htdocs\myapp\schoolmanagementproject\vendor\laravel\framework\src\Illuminate\View\View.php(85): Illuminate\View\View->renderContents()
#5 E:\xampp\htdocs\myapp\schoolmanagementproject\vendor\laravel\framework\src\Illuminate\Http\Response.php(53): Illuminate\View\View->render()
#6 E:\xampp\htdocs\myapp\schoolmanagementproject\vendor\symfony\http-foundation\Response.php(201): Illuminate\Http\Response->setContent(Object(Illuminate\View\View))
#7 E:\xampp\htdocs\myapp\schoolmanagementproject\vendor\laravel\framework\src\Illuminate\Routing\Router.php(1085): Symfony\Component\HttpFoundation\Response->__construct(Object(Illuminate\View\View))
#8 E:\xampp\htdocs\myapp\schoolmanagementproject\vendor\laravel\framework\src\Illuminate\Routing\Router.php(725): Illuminate\Routing\Router->prepareResponse(Object(Illuminate\Http\Request), Object(Illuminate\View\View))
#9 [internal function]: Illuminate\Routing\Router->Illuminate\Routing\{closure}(Object(Illuminate\Http\Request))
#10 E:\xampp\htdocs\myapp\schoolmanagementproject\vendor\laravel\framework\src\Illuminate\Routing\Pipeline.php(52): call_user_func(Object(Closure), Object(Illuminate\Http\Request))
#11 E:\xampp\htdocs\myapp\schoolmanagementproject\vendor\laravel\framework\src\Illuminate\Foundation\Http\Middleware\VerifyCsrfToken.php(64): Illuminate\Routing\Pipeline->Illuminate\Routing\{closure}(Object(Illuminate\Http\Request))
#12 [internal function]: Illuminate\Foundation\Http\Middleware\VerifyCsrfToken->handle(Object(Illuminate\Http\Request), Object(Closure))
#13 E:\xampp\htdocs\myapp\schoolmanagementproject\vendor\laravel\framework\src\Illuminate\Pipeline\Pipeline.php(136): call_user_func_array(Array, Array)
#14 [internal function]: Illuminate\Pipeline\Pipeline->Illuminate\Pipeline\{closure}(Object(Illuminate\Http\Request))
#15 E:\xampp\htdocs\myapp\schoolmanagementproject\vendor\laravel\framework\src\Illuminate\Routing\Pipeline.php(32): call_user_func(Object(Closure), Object(Illuminate\Http\Request))
#16 E:\xampp\htdocs\myapp\schoolmanagementproject\vendor\laravel\framework\src\Illuminate\View\Middleware\ShareErrorsFromSession.php(49): Illuminate\Routing\Pipeline->Illuminate\Routing\{closure}(Object(Illuminate\Http\Request))
#17 [internal function]: Illuminate\View\Middleware\ShareErrorsFromSession->handle(Object(Illuminate\Http\Request), Object(Closure))
#18 E:\xampp\htdocs\myapp\schoolmanagementproject\vendor\laravel\framework\src\Illuminate\Pipeline\Pipeline.php(136): call_user_func_array(Array, Array)
#19 [internal function]: Illuminate\Pipeline\Pipeline->Illuminate\Pipeline\{closure}(Object(Illuminate\Http\Request))
#20 E:\xampp\htdocs\myapp\schoolmanagementproject\vendor\laravel\framework\src\Illuminate\Routing\Pipeline.php(32): call_user_func(Object(Closure), Object(Illuminate\Http\Request))
#21 E:\xampp\htdocs\myapp\schoolmanagementproject\vendor\laravel\framework\src\Illuminate\Session\Middleware\StartSession.php(62): Illuminate\Routing\Pipeline->Illuminate\Routing\{closure}(Object(Illuminate\Http\Request))
#22 [internal function]: Illuminate\Session\Middleware\StartSession->handle(Object(Illuminate\Http\Request), Object(Closure))
#23 E:\xampp\htdocs\myapp\schoolmanagementproject\vendor\laravel\framework\src\Illuminate\Pipeline\Pipeline.php(136): call_user_func_array(Array, Array)
#24 [internal function]: Illuminate\Pipeline\Pipeline->Illuminate\Pipeline\{closure}(Object(Illuminate\Http\Request))
#25 E:\xampp\htdocs\myapp\schoolmanagementproject\vendor\laravel\framework\src\Illuminate\Routing\Pipeline.php(32): call_user_func(Object(Closure), Object(Illuminate\Http\Request))
#26 E:\xampp\htdocs\myapp\schoolmanagementproject\vendor\laravel\framework\src\Illuminate\Cookie\Middleware\AddQueuedCookiesToResponse.php(37): Illuminate\Routing\Pipeline->Illuminate\Routing\{closure}(Object(Illuminate\Http\Request))
#27 [internal function]: Illuminate\Cookie\Middleware\AddQueuedCookiesToResponse->handle(Object(Illuminate\Http\Request), Object(Closure))
#28 E:\xampp\htdocs\myapp\schoolmanagementproject\vendor\laravel\framework\src\Illuminate\Pipeline\Pipeline.php(136): call_user_func_array(Array, Array)
#29 [internal function]: Illuminate\Pipeline\Pipeline->Illuminate\Pipeline\{closure}(Object(Illuminate\Http\Request))
#30 E:\xampp\htdocs\myapp\schoolmanagementproject\vendor\laravel\framework\src\Illuminate\Routing\Pipeline.php(32): call_user_func(Object(Closure), Object(Illuminate\Http\Request))
#31 E:\xampp\htdocs\myapp\schoolmanagementproject\vendor\laravel\framework\src\Illuminate\Cookie\Middleware\EncryptCookies.php(59): Illuminate\Routing\Pipeline->Illuminate\Routing\{closure}(Object(Illuminate\Http\Request))
#32 [internal function]: Illuminate\Cookie\Middleware\EncryptCookies->handle(Object(Illuminate\Http\Request), Object(Closure))
#33 E:\xampp\htdocs\myapp\schoolmanagementproject\vendor\laravel\framework\src\Illuminate\Pipeline\Pipeline.php(136): call_user_func_array(Array, Array)
#34 [internal function]: Illuminate\Pipeline\Pipeline->Illuminate\Pipeline\{closure}(Object(Illuminate\Http\Request))
#35 E:\xampp\htdocs\myapp\schoolmanagementproject\vendor\laravel\framework\src\Illuminate\Routing\Pipeline.php(32): call_user_func(Object(Closure), Object(Illuminate\Http\Request))
#36 [internal function]: Illuminate\Routing\Pipeline->Illuminate\Routing\{closure}(Object(Illuminate\Http\Request))
#37 E:\xampp\htdocs\myapp\schoolmanagementproject\vendor\laravel\framework\src\Illuminate\Pipeline\Pipeline.php(103): call_user_func(Object(Closure), Object(Illuminate\Http\Request))
#38 E:\xampp\htdocs\myapp\schoolmanagementproject\vendor\laravel\framework\src\Illuminate\Routing\Router.php(726): Illuminate\Pipeline\Pipeline->then(Object(Closure))
#39 E:\xampp\htdocs\myapp\schoolmanagementproject\vendor\laravel\framework\src\Illuminate\Routing\Router.php(699): Illuminate\Routing\Router->runRouteWithinStack(Object(Illuminate\Routing\Route), Object(Illuminate\Http\Request))
#40 E:\xampp\htdocs\myapp\schoolmanagementproject\vendor\laravel\framework\src\Illuminate\Routing\Router.php(675): Illuminate\Routing\Router->dispatchToRoute(Object(Illuminate\Http\Request))
#41 E:\xampp\htdocs\myapp\schoolmanagementproject\vendor\laravel\framework\src\Illuminate\Foundation\Http\Kernel.php(246): Illuminate\Routing\Router->dispatch(Object(Illuminate\Http\Request))
#42 [internal function]: Illuminate\Foundation\Http\Kernel->Illuminate\Foundation\Http\{closure}(Object(Illuminate\Http\Request))
#43 E:\xampp\htdocs\myapp\schoolmanagementproject\vendor\laravel\framework\src\Illuminate\Routing\Pipeline.php(52): call_user_func(Object(Closure), Object(Illuminate\Http\Request))
#44 E:\xampp\htdocs\myapp\schoolmanagementproject\vendor\laravel\framework\src\Illuminate\Foundation\Http\Middleware\CheckForMaintenanceMode.php(44): Illuminate\Routing\Pipeline->Illuminate\Routing\{closure}(Object(Illuminate\Http\Request))
#45 [internal function]: Illuminate\Foundation\Http\Middleware\CheckForMaintenanceMode->handle(Object(Illuminate\Http\Request), Object(Closure))
#46 E:\xampp\htdocs\myapp\schoolmanagementproject\vendor\laravel\framework\src\Illuminate\Pipeline\Pipeline.php(136): call_user_func_array(Array, Array)
#47 [internal function]: Illuminate\Pipeline\Pipeline->Illuminate\Pipeline\{closure}(Object(Illuminate\Http\Request))
#48 E:\xampp\htdocs\myapp\schoolmanagementproject\vendor\laravel\framework\src\Illuminate\Routing\Pipeline.php(32): call_user_func(Object(Closure), Object(Illuminate\Http\Request))
#49 [internal function]: Illuminate\Routing\Pipeline->Illuminate\Routing\{closure}(Object(Illuminate\Http\Request))
#50 E:\xampp\htdocs\myapp\schoolmanagementproject\vendor\laravel\framework\src\Illuminate\Pipeline\Pipeline.php(103): call_user_func(Object(Closure), Object(Illuminate\Http\Request))
#51 E:\xampp\htdocs\myapp\schoolmanagementproject\vendor\laravel\framework\src\Illuminate\Foundation\Http\Kernel.php(132): Illuminate\Pipeline\Pipeline->then(Object(Closure))
#52 E:\xampp\htdocs\myapp\schoolmanagementproject\vendor\laravel\framework\src\Illuminate\Foundation\Http\Kernel.php(99): Illuminate\Foundation\Http\Kernel->sendRequestThroughRouter(Object(Illuminate\Http\Request))
#53 E:\xampp\htdocs\myapp\schoolmanagementproject\public\index.php(54): Illuminate\Foundation\Http\Kernel->handle(Object(Illuminate\Http\Request))
#54 {main}  
